<?xml version="1.0" encoding="UTF-8"?>
<!-- Generated by org.testng.reporters.JUnitXMLReporter -->
<testsuite ignored="0" hostname="LAPTOP-2PRRT73O" failures="0" tests="3" name="Test" time="55.065" errors="0" timestamp="2025-07-23T00:20:48 IST">
  <testcase classname="demowebshop.ComputerScript" name="computer" time="1.831"/>
  <testcase classname="demowebshop.Electronics" name="electronics" time="2.47"/>
  <testcase classname="demowebshop.BooksScript" name="books" time="1.224"/>
</testsuite> <!-- Test -->
